
[0m[2m[35m$[0m [2m[1mvite build & tsup[0m
[36mvite v6.3.5 [32mbuilding for production...[36m[39m
[34mCLI[39m Building entry: src/index.ts
[34mCLI[39m Using tsconfig: tsconfig.build.json
[34mCLI[39m tsup v8.4.0
[34mCLI[39m Using tsup config: /root/spartan-07-22-neo/packages/spartan/tsup.config.ts
[34mCLI[39m Target: esnext
[34mESM[39m Build start
[2K[1Gtransforming (1) [2msrc/plugins/degenIntel/frontend/index.tsx[22m
[43m[30m WARN [39m[49m [33m▲ [43;33m[[43;30mWARNING[43;33m][0m [1mThis case clause will never be evaluated because it duplicates an earlier case clause[0m [duplicate-case]                                                                                                                                       [90m3:38:16 AM[39m

    src/plugins/analytics/providers/birdeyeProvider.ts:459:17:
[37m      459 │             case [32m'1m'[37m: return '1M';
          ╵                  [32m~~~~[0m

  The earlier case clause is here:

    src/plugins/analytics/providers/birdeyeProvider.ts:445:17:
[37m      445 │             case [32m'1m'[37m: return '1m';
          ╵                  [32m~~~~[0m



[2K[1G[32mESM[39m [1mdist/coinmarketcapProvider-NN74WAHL.js     [22m[32m157.00 B[39m
[32mESM[39m [1mdist/chunk-4I32AQ54.js                     [22m[32m12.93 KB[39m
[32mESM[39m [1mdist/chunk-4I32AQ54.js.map                 [22m[32m21.39 KB[39m
[32mESM[39m [1mdist/coinmarketcapProvider-NN74WAHL.js.map [22m[32m71.00 B[39m
[32mESM[39m [1mdist/index.js                              [22m[32m631.07 KB[39m
[32mESM[39m [1mdist/index.js.map                          [22m[32m1.28 MB[39m
[32mESM[39m ⚡️ Build success in 140ms
[2K[1G[2K[1G[2K[1G[2K[1G[2K[1G[2K[1G[2K[1G[2K[1G[2K[1G[2K[1G[2K[1G[2K[1GDTS Build start
[2K[1Gtransforming (35) [2m../../node_modules/moment/dist/moment.js[22m[2K[1G[2K[1Gtransforming (44) [2m../../node_modules/@tanstack/query-core/build/modern/retryer.js[22m[2K[1G[2K[1G[2K[1Gtransforming (68) [2msrc/plugins/degenIntel/frontend/index.css[22m[2K[1G[2K[1G[2K[1Gtransforming (870) [2mnode_modules/lucide-react/dist/esm/icons/gallery-thumbnails.js[22m[2K[1Gtransforming (1073) [2mnode_modules/lucide-react/dist/esm/icons/map.js[22m[2K[1Gtransforming (1648) [2m../../node_modules/react-dom/index.js[22m[2K[1G[2K[1G[32m✓[39m 1661 modules transformed.
[2K[1Grendering chunks (1)...[2K[1G[2K[1Gcomputing gzip size (0)...[2K[1Gcomputing gzip size (1)...[2K[1Gcomputing gzip size (2)...[2K[1Gcomputing gzip size (3)...[2K[1G[2mdist/[22m[32mindex.html                 [39m[1m[2m  0.47 kB[22m[1m[22m[2m │ gzip:   0.30 kB[22m
[2mdist/[22m[2massets/[22m[35mindex-Bd64wf9Y.css  [39m[1m[2m 25.49 kB[22m[1m[22m[2m │ gzip:   5.47 kB[22m
[2mdist/[22m[2massets/[22m[36mindex-l5bPblww.js   [39m[1m[2m341.76 kB[22m[1m[22m[2m │ gzip: 108.11 kB[22m
[32m✓ built in 2.30s[39m
DTS ⚡️ Build success in 2715ms
DTS dist/index.d.ts 1012.00 B
